\BOOKMARK [1][-]{section.1}{1 c语言中的数据成分}{}% 1
\BOOKMARK [2][-]{subsection.1.1}{1.1 变量定义的含义}{section.1}% 2
\BOOKMARK [2][-]{subsection.1.2}{1.2 整数型}{section.1}% 3
\BOOKMARK [3][-]{subsubsection.1.2.1}{1.2.1 类别}{subsection.1.2}% 4
\BOOKMARK [3][-]{subsubsection.1.2.2}{1.2.2 存储}{subsection.1.2}% 5
\BOOKMARK [3][-]{subsubsection.1.2.3}{1.2.3 输入输出}{subsection.1.2}% 6
\BOOKMARK [3][-]{subsubsection.1.2.4}{1.2.4 最大与最小整数}{subsection.1.2}% 7
\BOOKMARK [2][-]{subsection.1.3}{1.3 浮点型}{section.1}% 8
\BOOKMARK [2][-]{subsection.1.4}{1.4 字符型}{section.1}% 9
\BOOKMARK [2][-]{subsection.1.5}{1.5 布尔型}{section.1}% 10
\BOOKMARK [2][-]{subsection.1.6}{1.6 常数}{section.1}% 11
\BOOKMARK [2][-]{subsection.1.7}{1.7 变量命名}{section.1}% 12
\BOOKMARK [1][-]{section.2}{2 c语言中的运算成分}{}% 13
\BOOKMARK [2][-]{subsection.2.1}{2.1 赋值运算}{section.2}% 14
\BOOKMARK [2][-]{subsection.2.2}{2.2 算术运算}{section.2}% 15
\BOOKMARK [2][-]{subsection.2.3}{2.3 自增自减运算}{section.2}% 16
\BOOKMARK [2][-]{subsection.2.4}{2.4 关系运算}{section.2}% 17
\BOOKMARK [2][-]{subsection.2.5}{2.5 逻辑运算和混合运算}{section.2}% 18
\BOOKMARK [2][-]{subsection.2.6}{2.6 逗号，条件，强转}{section.2}% 19
\BOOKMARK [2][-]{subsection.2.7}{2.7 位运算}{section.2}% 20
